examples/CodeEditor-main/CodeEditor-main/app/build/intermediates/manifest_merge_blame_file/debug/manifest-merger-blame-debug-report.txt
1<?xml version="1.0" encoding="utf-8"?>
2<!--
3~~~~~~~~~~~~~~~~~~~~~~~~~~~~~~~~~~~~~~~~~~~~~~~~~~~~~~~~~~~~~~~~~~~~~~~~~~~~
4  ~    CodeEditor - the awesome code editor for Android
5  ~    Copyright (C) 2020-2021  Rosemoe
6  ~
7  ~     This library is free software; you can redistribute it and/or
8  ~     modify it under the terms of the GNU Lesser General Public
9  ~     License as published by the Free Software Foundation; either
10  ~     version 2.1 of the License, or (at your option) any later version.
11  ~
12  ~     This library is distributed in the hope that it will be useful,
13  ~     but WITHOUT ANY WARRANTY; without even the implied warranty of
14  ~     MERCHANTABILITY or FITNESS FOR A PARTICULAR PURPOSE.  See the GNU
15  ~     Lesser General Public License for more details.
16  ~
17  ~     You should have received a copy of the GNU Lesser General Public
18  ~     License along with this library; if not, write to the Free Software
19  ~     Foundation, Inc., 51 Franklin Street, Fifth Floor, Boston, MA  02110-1301
20  ~     USA
21  ~
22  ~     Please contact Rosemoe by email 2073412493@qq.com if you need
23  ~     additional information or have any questions
24  ~~~~~~~~~~~~~~~~~~~~~~~~~~~~~~~~~~~~~~~~~~~~~~~~~~~~~~~~~~~~~~~~~~~~~~~~~~~
25-->
26<manifest xmlns:android="http://schemas.android.com/apk/res/android"
27    package="io.github.rosemoe.sora.app"
28    android:versionCode="17"
29    android:versionName="0.6.0-dev-4" >
30
31    <uses-sdk
32        android:minSdkVersion="21"
32-->src\main\AndroidManifest.xml
33        android:targetSdkVersion="31" />
33-->src\main\AndroidManifest.xml
34
35    <application
35-->src\main\AndroidManifest.xml:28:5-45:19
36        android:appComponentFactory="androidx.core.app.CoreComponentFactory"
36-->[androidx.core:core:1.5.0] AndroidManifest.xml:24:18-86
37        android:debuggable="true"
38        android:icon="@mipmap/ic_launcher"
38-->src\main\AndroidManifest.xml:29:9-43
39        android:label="@string/app_name"
39-->src\main\AndroidManifest.xml:30:9-41
40        android:roundIcon="@mipmap/ic_launcher_round"
40-->src\main\AndroidManifest.xml:31:9-54
41        android:supportsRtl="true"
41-->src\main\AndroidManifest.xml:32:9-35
42        android:testOnly="true"
43        android:theme="@style/AppTheme" >
43-->src\main\AndroidManifest.xml:33:9-40
44        <activity
44-->src\main\AndroidManifest.xml:34:9-44:20
45            android:name="io.github.rosemoe.sora.app.MainActivity"
45-->src\main\AndroidManifest.xml:35:13-67
46            android:exported="true"
46-->src\main\AndroidManifest.xml:37:13-36
47            android:windowSoftInputMode="adjustResize" >
47-->src\main\AndroidManifest.xml:36:13-55
48            <intent-filter>
48-->src\main\AndroidManifest.xml:38:13-43:29
49                <action android:name="android.intent.action.MAIN" />
49-->src\main\AndroidManifest.xml:39:17-69
49-->src\main\AndroidManifest.xml:39:25-66
50                <action android:name="android.intent.action.ACTION_VIEW" />
50-->src\main\AndroidManifest.xml:40:17-75
50-->src\main\AndroidManifest.xml:40:25-73
51
52                <category android:name="android.intent.category.LAUNCHER" />
52-->src\main\AndroidManifest.xml:42:17-77
52-->src\main\AndroidManifest.xml:42:27-74
53            </intent-filter>
54        </activity>
55    </application>
56
57</manifest>